<html>
<head>
<title>TestNG:  Test</title>
<link href="../testng.css" rel="stylesheet" type="text/css" />
<link href="../my-testng.css" rel="stylesheet" type="text/css" />

<style type="text/css">
.log { display: none;} 
.stack-trace { display: none;} 
</style>
<script type="text/javascript">
<!--
function flip(e) {
  current = e.style.display;
  if (current == 'block') {
    e.style.display = 'none';
    return 0;
  }
  else {
    e.style.display = 'block';
    return 1;
  }
}

function toggleBox(szDivId, elem, msg1, msg2)
{
  var res = -1;  if (document.getElementById) {
    res = flip(document.getElementById(szDivId));
  }
  else if (document.all) {
    // this is the way old msie versions work
    res = flip(document.all[szDivId]);
  }
  if(elem) {
    if(res == 0) elem.innerHTML = msg1; else elem.innerHTML = msg2;
  }

}

function toggleAllBoxes() {
  if (document.getElementsByTagName) {
    d = document.getElementsByTagName('div');
    for (i = 0; i < d.length; i++) {
      if (d[i].className == 'log') {
        flip(d[i]);
      }
    }
  }
}

// -->
</script>

</head>
<body>
<h2 align='center'>Test</h2><table border='1' align="center">
<tr>
<td>Tests passed/Failed/Skipped:</td><td>0/4/0</td>
</tr><tr>
<td>Started on:</td><td>Fri Aug 11 17:05:59 IST 2023</td>
</tr>
<tr><td>Total time:</td><td>0 seconds (463 ms)</td>
</tr><tr>
<td>Included groups:</td><td></td>
</tr><tr>
<td>Excluded groups:</td><td></td>
</tr>
</table><p/>
<small><i>(Hover the method name to see the test class name)</i></small><p/>
<table width='100%' border='1' class='invocation-failed'>
<tr><td colspan='4' align='center'><b>FAILED TESTS</b></td></tr>
<tr><td><b>Test method</b></td>
<td><b>Attribute(s)</b></td>
<td width="30%"><b>Exception</b></td>
<td width="10%"><b>Time (seconds)</b></td>
<td><b>Instance</b></td>
</tr>
<tr>
<td title='runner1.Myrunnertest.runScenario()'><b>runScenario</b><br>Test class: runner1.Myrunnertest<br>Test method: Runs Cucumber Scenarios<br>Parameters: "validate the login feature with invalid credential", "login page credential"</td>
<td><div><pre>java.lang.IllegalArgumentException: Input must be set
	at org.openqa.selenium.internal.Require.nonNull(Require.java:60)
	at org.openqa.selenium.support.ui.FluentWait.&lt;init&gt;(FluentWait.java:94)
	at org.openqa.selenium.support.ui.WebDriverWait.&lt;init&gt;(WebDriverWait.java:74)
	at org.openqa.selenium.support.ui.WebDriverWait.&lt;init&gt;(WebDriverWait.java:43)
	at utility.Elementutility.waitonelement1(Elementutility.java:27)
	at utility.Elementutility.clickonelement(Elementutility.java:22)
	at pages.Homepage.clickonmyaccount(Homepage.java:21)
	at stepdefinition1.LoginTest.user_should_navigate_to_login_page(LoginTest.java:23)
	at ✽.user should navigate to login page(file:///C:/Users/harshavardhan/eclipse-workspace/BDDHybridFrameworkTutorialNinja/src/test/resource/features1/login.feature:15)
</pre></div><a href='#' onClick='toggleBox("stack-trace2014563089", this, "Click to show all stack frames", "Click to hide stack frames")'>Click to show all stack frames</a>
<div class='stack-trace' id='stack-trace2014563089'><pre>java.lang.IllegalArgumentException: Input must be set
	at org.openqa.selenium.internal.Require.nonNull(Require.java:60)
	at org.openqa.selenium.support.ui.FluentWait.&lt;init&gt;(FluentWait.java:94)
	at org.openqa.selenium.support.ui.WebDriverWait.&lt;init&gt;(WebDriverWait.java:74)
	at org.openqa.selenium.support.ui.WebDriverWait.&lt;init&gt;(WebDriverWait.java:43)
	at utility.Elementutility.waitonelement1(Elementutility.java:27)
	at utility.Elementutility.clickonelement(Elementutility.java:22)
	at pages.Homepage.clickonmyaccount(Homepage.java:21)
	at stepdefinition1.LoginTest.user_should_navigate_to_login_page(LoginTest.java:23)
	at ✽.user should navigate to login page(file:///C:/Users/harshavardhan/eclipse-workspace/BDDHybridFrameworkTutorialNinja/src/test/resource/features1/login.feature:15)
</pre></div></td>
<td>0</td>
<td>runner1.Myrunnertest@7ce69770</td></tr>
<tr>
<td title='runner1.Myrunnertest.runScenario()'><b>runScenario</b><br>Test class: runner1.Myrunnertest<br>Test method: Runs Cucumber Scenarios<br>Parameters: "validate the login feature with valid credential", "login page credential"</td>
<td><div><pre>java.lang.IllegalArgumentException: Input must be set
	at org.openqa.selenium.internal.Require.nonNull(Require.java:60)
	at org.openqa.selenium.support.ui.FluentWait.&lt;init&gt;(FluentWait.java:94)
	at org.openqa.selenium.support.ui.WebDriverWait.&lt;init&gt;(WebDriverWait.java:74)
	at org.openqa.selenium.support.ui.WebDriverWait.&lt;init&gt;(WebDriverWait.java:43)
	at utility.Elementutility.waitonelement1(Elementutility.java:27)
	at utility.Elementutility.clickonelement(Elementutility.java:22)
	at pages.Homepage.clickonmyaccount(Homepage.java:21)
	at stepdefinition1.LoginTest.user_should_navigate_to_login_page(LoginTest.java:23)
	at ✽.user should navigate to login page(file:///C:/Users/harshavardhan/eclipse-workspace/BDDHybridFrameworkTutorialNinja/src/test/resource/features1/login.feature:4)
</pre></div><a href='#' onClick='toggleBox("stack-trace1532554556", this, "Click to show all stack frames", "Click to hide stack frames")'>Click to show all stack frames</a>
<div class='stack-trace' id='stack-trace1532554556'><pre>java.lang.IllegalArgumentException: Input must be set
	at org.openqa.selenium.internal.Require.nonNull(Require.java:60)
	at org.openqa.selenium.support.ui.FluentWait.&lt;init&gt;(FluentWait.java:94)
	at org.openqa.selenium.support.ui.WebDriverWait.&lt;init&gt;(WebDriverWait.java:74)
	at org.openqa.selenium.support.ui.WebDriverWait.&lt;init&gt;(WebDriverWait.java:43)
	at utility.Elementutility.waitonelement1(Elementutility.java:27)
	at utility.Elementutility.clickonelement(Elementutility.java:22)
	at pages.Homepage.clickonmyaccount(Homepage.java:21)
	at stepdefinition1.LoginTest.user_should_navigate_to_login_page(LoginTest.java:23)
	at ✽.user should navigate to login page(file:///C:/Users/harshavardhan/eclipse-workspace/BDDHybridFrameworkTutorialNinja/src/test/resource/features1/login.feature:4)
</pre></div></td>
<td>0</td>
<td>runner1.Myrunnertest@7ce69770</td></tr>
<tr>
<td title='runner1.Myrunnertest.runScenario()'><b>runScenario</b><br>Test class: runner1.Myrunnertest<br>Test method: Runs Cucumber Scenarios<br>Parameters: "validate the login feature with valid credential", "login page credential"</td>
<td><div><pre>java.lang.IllegalArgumentException: Input must be set
	at org.openqa.selenium.internal.Require.nonNull(Require.java:60)
	at org.openqa.selenium.support.ui.FluentWait.&lt;init&gt;(FluentWait.java:94)
	at org.openqa.selenium.support.ui.WebDriverWait.&lt;init&gt;(WebDriverWait.java:74)
	at org.openqa.selenium.support.ui.WebDriverWait.&lt;init&gt;(WebDriverWait.java:43)
	at utility.Elementutility.waitonelement1(Elementutility.java:27)
	at utility.Elementutility.clickonelement(Elementutility.java:22)
	at pages.Homepage.clickonmyaccount(Homepage.java:21)
	at stepdefinition1.LoginTest.user_should_navigate_to_login_page(LoginTest.java:23)
	at ✽.user should navigate to login page(file:///C:/Users/harshavardhan/eclipse-workspace/BDDHybridFrameworkTutorialNinja/src/test/resource/features1/login.feature:4)
</pre></div><a href='#' onClick='toggleBox("stack-trace785625589", this, "Click to show all stack frames", "Click to hide stack frames")'>Click to show all stack frames</a>
<div class='stack-trace' id='stack-trace785625589'><pre>java.lang.IllegalArgumentException: Input must be set
	at org.openqa.selenium.internal.Require.nonNull(Require.java:60)
	at org.openqa.selenium.support.ui.FluentWait.&lt;init&gt;(FluentWait.java:94)
	at org.openqa.selenium.support.ui.WebDriverWait.&lt;init&gt;(WebDriverWait.java:74)
	at org.openqa.selenium.support.ui.WebDriverWait.&lt;init&gt;(WebDriverWait.java:43)
	at utility.Elementutility.waitonelement1(Elementutility.java:27)
	at utility.Elementutility.clickonelement(Elementutility.java:22)
	at pages.Homepage.clickonmyaccount(Homepage.java:21)
	at stepdefinition1.LoginTest.user_should_navigate_to_login_page(LoginTest.java:23)
	at ✽.user should navigate to login page(file:///C:/Users/harshavardhan/eclipse-workspace/BDDHybridFrameworkTutorialNinja/src/test/resource/features1/login.feature:4)
</pre></div></td>
<td>0</td>
<td>runner1.Myrunnertest@7ce69770</td></tr>
<tr>
<td title='runner1.Myrunnertest.runScenario()'><b>runScenario</b><br>Test class: runner1.Myrunnertest<br>Test method: Runs Cucumber Scenarios<br>Parameters: "validate the login feature with invalid credential", "login page credential"</td>
<td><div><pre>java.lang.IllegalArgumentException: Input must be set
	at org.openqa.selenium.internal.Require.nonNull(Require.java:60)
	at org.openqa.selenium.support.ui.FluentWait.&lt;init&gt;(FluentWait.java:94)
	at org.openqa.selenium.support.ui.WebDriverWait.&lt;init&gt;(WebDriverWait.java:74)
	at org.openqa.selenium.support.ui.WebDriverWait.&lt;init&gt;(WebDriverWait.java:43)
	at utility.Elementutility.waitonelement1(Elementutility.java:27)
	at utility.Elementutility.clickonelement(Elementutility.java:22)
	at pages.Homepage.clickonmyaccount(Homepage.java:21)
	at stepdefinition1.LoginTest.user_should_navigate_to_login_page(LoginTest.java:23)
	at ✽.user should navigate to login page(file:///C:/Users/harshavardhan/eclipse-workspace/BDDHybridFrameworkTutorialNinja/src/test/resource/features1/login.feature:15)
</pre></div><a href='#' onClick='toggleBox("stack-trace976358110", this, "Click to show all stack frames", "Click to hide stack frames")'>Click to show all stack frames</a>
<div class='stack-trace' id='stack-trace976358110'><pre>java.lang.IllegalArgumentException: Input must be set
	at org.openqa.selenium.internal.Require.nonNull(Require.java:60)
	at org.openqa.selenium.support.ui.FluentWait.&lt;init&gt;(FluentWait.java:94)
	at org.openqa.selenium.support.ui.WebDriverWait.&lt;init&gt;(WebDriverWait.java:74)
	at org.openqa.selenium.support.ui.WebDriverWait.&lt;init&gt;(WebDriverWait.java:43)
	at utility.Elementutility.waitonelement1(Elementutility.java:27)
	at utility.Elementutility.clickonelement(Elementutility.java:22)
	at pages.Homepage.clickonmyaccount(Homepage.java:21)
	at stepdefinition1.LoginTest.user_should_navigate_to_login_page(LoginTest.java:23)
	at ✽.user should navigate to login page(file:///C:/Users/harshavardhan/eclipse-workspace/BDDHybridFrameworkTutorialNinja/src/test/resource/features1/login.feature:15)
</pre></div></td>
<td>0</td>
<td>runner1.Myrunnertest@7ce69770</td></tr>
</table><p>
</body>
</html>